-------------------------------------------------------------------------------
Test set: pl.boboli.engineer.test.feature.KnowledgeUpdateTest
-------------------------------------------------------------------------------
Tests run: 1, Failures: 0, Errors: 1, Skipped: 0, Time elapsed: 0.209 sec <<< FAILURE!
testNThreads(pl.boboli.engineer.test.feature.KnowledgeUpdateTest)  Time elapsed: 0.208 sec  <<< ERROR!
Exception executing consequence for rule "rule-2" in pl.boboli.engineer.teoria.rules: java.lang.RuntimeException: J should be modified at this point
	at org.drools.runtime.rule.impl.DefaultConsequenceExceptionHandler.handleException(DefaultConsequenceExceptionHandler.java:39)
	at org.drools.common.DefaultAgenda.fireActivation(DefaultAgenda.java:1355)
	at org.drools.common.DefaultAgenda.fireNextItem(DefaultAgenda.java:1229)
	at org.drools.common.DefaultAgenda.fireAllRules(DefaultAgenda.java:1527)
	at org.drools.common.AbstractWorkingMemory.fireAllRules(AbstractWorkingMemory.java:710)
	at org.drools.common.AbstractWorkingMemory.fireAllRules(AbstractWorkingMemory.java:674)
	at org.drools.impl.StatefulKnowledgeSessionImpl.fireAllRules(StatefulKnowledgeSessionImpl.java:230)
	at pl.boboli.engineer.test.feature.KnowledgeUpdateTest.testNThreads(KnowledgeUpdateTest.java:69)
	at sun.reflect.NativeMethodAccessorImpl.invoke0(Native Method)
	at sun.reflect.NativeMethodAccessorImpl.invoke(NativeMethodAccessorImpl.java:39)
	at sun.reflect.DelegatingMethodAccessorImpl.invoke(DelegatingMethodAccessorImpl.java:25)
	at java.lang.reflect.Method.invoke(Method.java:597)
	at org.junit.runners.model.FrameworkMethod$1.runReflectiveCall(FrameworkMethod.java:45)
	at org.junit.internal.runners.model.ReflectiveCallable.run(ReflectiveCallable.java:15)
	at org.junit.runners.model.FrameworkMethod.invokeExplosively(FrameworkMethod.java:42)
	at org.junit.internal.runners.statements.InvokeMethod.evaluate(InvokeMethod.java:20)
	at org.junit.internal.runners.statements.RunBefores.evaluate(RunBefores.java:28)
	at org.junit.internal.runners.statements.RunAfters.evaluate(RunAfters.java:30)
	at org.junit.runners.ParentRunner.runLeaf(ParentRunner.java:263)
	at org.junit.runners.BlockJUnit4ClassRunner.runChild(BlockJUnit4ClassRunner.java:68)
	at org.junit.runners.BlockJUnit4ClassRunner.runChild(BlockJUnit4ClassRunner.java:47)
	at org.junit.runners.ParentRunner$3.run(ParentRunner.java:231)
	at org.junit.runners.ParentRunner$1.schedule(ParentRunner.java:60)
	at org.junit.runners.ParentRunner.runChildren(ParentRunner.java:229)
	at org.junit.runners.ParentRunner.access$000(ParentRunner.java:50)
	at org.junit.runners.ParentRunner$2.evaluate(ParentRunner.java:222)
	at org.junit.runners.ParentRunner.run(ParentRunner.java:300)
	at org.apache.maven.surefire.junit4.JUnit4Provider.execute(JUnit4Provider.java:236)
	at org.apache.maven.surefire.junit4.JUnit4Provider.executeTestSet(JUnit4Provider.java:134)
	at org.apache.maven.surefire.junit4.JUnit4Provider.invoke(JUnit4Provider.java:113)
	at sun.reflect.NativeMethodAccessorImpl.invoke0(Native Method)
	at sun.reflect.NativeMethodAccessorImpl.invoke(NativeMethodAccessorImpl.java:39)
	at sun.reflect.DelegatingMethodAccessorImpl.invoke(DelegatingMethodAccessorImpl.java:25)
	at java.lang.reflect.Method.invoke(Method.java:597)
	at org.apache.maven.surefire.util.ReflectionUtils.invokeMethodWithArray(ReflectionUtils.java:189)
	at org.apache.maven.surefire.booter.ProviderFactory$ProviderProxy.invoke(ProviderFactory.java:165)
	at org.apache.maven.surefire.booter.ProviderFactory.invokeProvider(ProviderFactory.java:85)
	at org.apache.maven.surefire.booter.ForkedBooter.runSuitesInProcess(ForkedBooter.java:103)
	at org.apache.maven.surefire.booter.ForkedBooter.main(ForkedBooter.java:74)
Caused by: java.lang.RuntimeException: J should be modified at this point
	at pl.boboli.engineer.teoria.rules.Rule_rule_2_8268d42f62c44b629826671d692e0f63.defaultConsequence(Rule_rule_2_8268d42f62c44b629826671d692e0f63.java:7)
	at pl.boboli.engineer.teoria.rules.Rule_rule_2_8268d42f62c44b629826671d692e0f63DefaultConsequenceInvokerGenerated.evaluate(Unknown Source)
	at pl.boboli.engineer.teoria.rules.Rule_rule_2_8268d42f62c44b629826671d692e0f63DefaultConsequenceInvoker.evaluate(Unknown Source)
	at org.drools.common.DefaultAgenda.fireActivation(DefaultAgenda.java:1343)
	... 37 more
